<?xml version="1.0" encoding="UTF-8"?>
<testsuites name="Mocha Tests" time="8.702" tests="3" failures="0">
  <testsuite name="Root Suite" timestamp="2025-06-12T17:32:04" tests="0" file="cypress/e2e/tests/WishlistTest.cy.js" time="0.000" failures="0">
  </testsuite>
  <testsuite name="adding and removing products from wishlist" timestamp="2025-06-12T17:32:04" tests="0" time="0.000" failures="0">
  </testsuite>
  <testsuite name="logged-in user" timestamp="2025-06-12T17:32:04" tests="2" time="7.743" failures="0">
    <testcase name="adding and removing products from wishlist logged-in user should validate the success message for product added to wishlist" time="4.460" classname="should validate the success message for product added to wishlist">
    </testcase>
    <testcase name="adding and removing products from wishlist logged-in user should validate the presence of product in wishlist" time="2.546" classname="should validate the presence of product in wishlist">
    </testcase>
  </testsuite>
  <testsuite name="logged-out user" timestamp="2025-06-12T17:32:12" tests="1" time="0.947" failures="0">
    <testcase name="adding and removing products from wishlist logged-out user should validate the error message for product added to wishlist" time="0.903" classname="should validate the error message for product added to wishlist">
    </testcase>
  </testsuite>
</testsuites>