<?xml version="1.0" encoding="UTF-8"?>
<testsuites name="Mocha Tests" time="13.682" tests="3" failures="0">
  <testsuite name="Root Suite" timestamp="2025-06-12T17:30:54" tests="0" file="cypress/e2e/tests/AddToCartTest.cy.js" time="0.000" failures="0">
  </testsuite>
  <testsuite name="adding products to cart" timestamp="2025-06-12T17:30:54" tests="3" time="13.672" failures="0">
    <testcase name="adding products to cart should add product to the cart from products search page" time="5.329" classname="should add product to the cart from products search page">
    </testcase>
    <testcase name="adding products to cart should add product to the cart from product details page" time="5.221" classname="should add product to the cart from product details page">
    </testcase>
    <testcase name="adding products to cart should validate the presence of product in cart" time="2.948" classname="should validate the presence of product in cart">
    </testcase>
  </testsuite>
</testsuites>